<?xml version="1.0" encoding="UTF-8"?>
<!-- Generated by org.testng.reporters.JUnitXMLReporter -->
<testsuite ignored="0" hostname="DESKTOP-A2SGV3Q" failures="0" tests="3" name="Test" time="5.618" errors="0" timestamp="2024-08-30T14:31:26 CDT">
  <testcase classname="E2EScenario.E2EScenario.AmazonTest" name="Scenario1" time="0.088"/>
  <testcase classname="E2EScenario.E2EScenario.TestScenario2" name="Scenario2" time="0.676"/>
  <testcase classname="E2EScenario.E2EScenario.TestScenario3" name="Scenario3" time="1.65"/>
</testsuite> <!-- Test -->
